<?xml version="1.0" encoding="UTF-8"?>
<coverage generated="1686656982932" clover="3.2.0">
  <project timestamp="1686656982932" name="All files">
    <metrics statements="41" coveredstatements="41" conditionals="19" coveredconditionals="19" methods="14" coveredmethods="14" elements="74" coveredelements="74" complexity="0" loc="41" ncloc="41" packages="1" files="1" classes="1"/>
    <file name="pharmacy.js" path="C:\Users\plugu\dev\LibeoTest\take-home-test\pharmacy.js">
      <metrics statements="41" coveredstatements="41" conditionals="19" coveredconditionals="19" methods="14" coveredmethods="14"/>
      <line num="1" count="1" type="stmt"/>
      <line num="2" count="1" type="stmt"/>
      <line num="3" count="1" type="stmt"/>
      <line num="5" count="1" type="stmt"/>
      <line num="6" count="1" type="stmt"/>
      <line num="11" count="30" type="stmt"/>
      <line num="12" count="30" type="stmt"/>
      <line num="13" count="30" type="stmt"/>
      <line num="17" count="7" type="stmt"/>
      <line num="19" count="7" type="cond" truecount="2" falsecount="0"/>
      <line num="20" count="1" type="stmt"/>
      <line num="25" count="5" type="stmt"/>
      <line num="27" count="5" type="cond" truecount="2" falsecount="0"/>
      <line num="28" count="1" type="stmt"/>
      <line num="33" count="12" type="stmt"/>
      <line num="37" count="12" type="stmt"/>
      <line num="44" count="4" type="cond" truecount="2" falsecount="0"/>
      <line num="45" count="4" type="stmt"/>
      <line num="49" count="12" type="stmt"/>
      <line num="59" count="5" type="cond" truecount="2" falsecount="0"/>
      <line num="60" count="1" type="stmt"/>
      <line num="62" count="4" type="stmt"/>
      <line num="63" count="4" type="cond" truecount="2" falsecount="0"/>
      <line num="64" count="2" type="stmt"/>
      <line num="65" count="2" type="cond" truecount="2" falsecount="0"/>
      <line num="66" count="1" type="stmt"/>
      <line num="68" count="4" type="stmt"/>
      <line num="75" count="3" type="cond" truecount="2" falsecount="0"/>
      <line num="76" count="3" type="stmt"/>
      <line num="93" count="15" type="cond" truecount="4" falsecount="0"/>
      <line num="94" count="5" type="stmt"/>
      <line num="95" count="3" type="stmt"/>
      <line num="96" count="3" type="stmt"/>
      <line num="97" count="4" type="stmt"/>
      <line num="106" count="11" type="stmt"/>
      <line num="107" count="11" type="stmt"/>
      <line num="110" count="11" type="stmt"/>
      <line num="111" count="15" type="stmt"/>
      <line num="112" count="15" type="stmt"/>
      <line num="113" count="15" type="stmt"/>
      <line num="116" count="11" type="stmt"/>
    </file>
  </project>
</coverage>
