<?xml version="1.0" encoding="UTF-8"?>
<coverage generated="1705354522977" clover="3.2.0">
  <project timestamp="1705354522977" name="All files">
    <metrics statements="75" coveredstatements="70" conditionals="20" coveredconditionals="14" methods="22" coveredmethods="22" elements="117" coveredelements="106" complexity="0" loc="75" ncloc="75" packages="5" files="13" classes="13"/>
    <package name="src">
      <metrics statements="14" coveredstatements="14" conditionals="0" coveredconditionals="0" methods="1" coveredmethods="1"/>
      <file name="index.ts" path="/Users/mac/hicham/training/take-home-test/src/index.ts">
        <metrics statements="14" coveredstatements="14" conditionals="0" coveredconditionals="0" methods="1" coveredmethods="1"/>
        <line num="7" count="1" type="stmt"/>
        <line num="8" count="1" type="stmt"/>
        <line num="9" count="1" type="stmt"/>
        <line num="10" count="1" type="stmt"/>
        <line num="13" count="2" type="stmt"/>
        <line num="15" count="2" type="stmt"/>
        <line num="16" count="60" type="stmt"/>
        <line num="17" count="60" type="stmt"/>
        <line num="18" count="60" type="stmt"/>
        <line num="19" count="60" type="stmt"/>
        <line num="21" count="60" type="stmt"/>
        <line num="36" count="2" type="stmt"/>
        <line num="39" count="1" type="stmt"/>
        <line num="41" count="1" type="stmt"/>
      </file>
    </package>
    <package name="src.constants">
      <metrics statements="12" coveredstatements="12" conditionals="0" coveredconditionals="0" methods="0" coveredmethods="0"/>
      <file name="index.ts" path="/Users/mac/hicham/training/take-home-test/src/constants/index.ts">
        <metrics statements="12" coveredstatements="12" conditionals="0" coveredconditionals="0" methods="0" coveredmethods="0"/>
        <line num="1" count="8" type="stmt"/>
        <line num="2" count="8" type="stmt"/>
        <line num="3" count="8" type="stmt"/>
        <line num="4" count="8" type="stmt"/>
        <line num="5" count="8" type="stmt"/>
        <line num="6" count="8" type="stmt"/>
        <line num="7" count="8" type="stmt"/>
        <line num="8" count="8" type="stmt"/>
        <line num="9" count="8" type="stmt"/>
        <line num="10" count="8" type="stmt"/>
        <line num="11" count="8" type="stmt"/>
        <line num="12" count="8" type="stmt"/>
      </file>
    </package>
    <package name="src.drugs">
      <metrics statements="22" coveredstatements="21" conditionals="6" coveredconditionals="4" methods="15" coveredmethods="15"/>
      <file name="Dafalgan.ts" path="/Users/mac/hicham/training/take-home-test/src/drugs/Dafalgan.ts">
        <metrics statements="3" coveredstatements="3" conditionals="0" coveredconditionals="0" methods="2" coveredmethods="2"/>
        <line num="9" count="4" type="stmt"/>
        <line num="10" count="4" type="stmt"/>
        <line num="14" count="62" type="stmt"/>
      </file>
      <file name="Drug.ts" path="/Users/mac/hicham/training/take-home-test/src/drugs/Drug.ts">
        <metrics statements="10" coveredstatements="9" conditionals="6" coveredconditionals="4" methods="7" coveredmethods="7"/>
        <line num="8" count="27" type="stmt"/>
        <line num="9" count="27" type="stmt"/>
        <line num="14" count="3" type="cond" truecount="1" falsecount="1"/>
        <line num="17" count="3" type="stmt"/>
        <line num="21" count="66" type="stmt"/>
        <line num="25" count="4" type="cond" truecount="1" falsecount="1"/>
        <line num="26" count="0" type="stmt"/>
        <line num="31" count="63" type="stmt"/>
        <line num="38" count="195" type="stmt"/>
        <line num="45" count="63" type="stmt"/>
      </file>
      <file name="Fervex.ts" path="/Users/mac/hicham/training/take-home-test/src/drugs/Fervex.ts">
        <metrics statements="3" coveredstatements="3" conditionals="0" coveredconditionals="0" methods="2" coveredmethods="2"/>
        <line num="9" count="1" type="stmt"/>
        <line num="10" count="1" type="stmt"/>
        <line num="14" count="60" type="stmt"/>
      </file>
      <file name="HerbalTea.ts" path="/Users/mac/hicham/training/take-home-test/src/drugs/HerbalTea.ts">
        <metrics statements="3" coveredstatements="3" conditionals="0" coveredconditionals="0" methods="2" coveredmethods="2"/>
        <line num="9" count="1" type="stmt"/>
        <line num="10" count="1" type="stmt"/>
        <line num="14" count="60" type="stmt"/>
      </file>
      <file name="MagicPill.ts" path="/Users/mac/hicham/training/take-home-test/src/drugs/MagicPill.ts">
        <metrics statements="3" coveredstatements="3" conditionals="0" coveredconditionals="0" methods="2" coveredmethods="2"/>
        <line num="9" count="3" type="stmt"/>
        <line num="10" count="3" type="stmt"/>
        <line num="14" count="61" type="stmt"/>
      </file>
    </package>
    <package name="src.drugs.strategies">
      <metrics statements="24" coveredstatements="21" conditionals="6" coveredconditionals="3" methods="5" coveredmethods="5"/>
      <file name="DafalganStrategy.ts" path="/Users/mac/hicham/training/take-home-test/src/drugs/strategies/DafalganStrategy.ts">
        <metrics statements="4" coveredstatements="4" conditionals="0" coveredconditionals="0" methods="1" coveredmethods="1"/>
        <line num="7" count="65" type="stmt"/>
        <line num="8" count="65" type="stmt"/>
        <line num="9" count="65" type="stmt"/>
        <line num="10" count="65" type="stmt"/>
      </file>
      <file name="DefaultStrategy.ts" path="/Users/mac/hicham/training/take-home-test/src/drugs/strategies/DefaultStrategy.ts">
        <metrics statements="5" coveredstatements="5" conditionals="0" coveredconditionals="0" methods="1" coveredmethods="1"/>
        <line num="6" count="3" type="stmt"/>
        <line num="7" count="3" type="stmt"/>
        <line num="8" count="3" type="stmt"/>
        <line num="9" count="3" type="stmt"/>
        <line num="10" count="3" type="stmt"/>
      </file>
      <file name="FervexStrategy.ts" path="/Users/mac/hicham/training/take-home-test/src/drugs/strategies/FervexStrategy.ts">
        <metrics statements="10" coveredstatements="7" conditionals="6" coveredconditionals="3" methods="1" coveredmethods="1"/>
        <line num="9" count="62" type="stmt"/>
        <line num="11" count="62" type="cond" truecount="2" falsecount="0"/>
        <line num="12" count="56" type="stmt"/>
        <line num="13" count="6" type="cond" truecount="1" falsecount="1"/>
        <line num="14" count="6" type="stmt"/>
        <line num="19" count="0" type="cond" truecount="0" falsecount="2"/>
        <line num="20" count="0" type="stmt"/>
        <line num="26" count="0" type="stmt"/>
        <line num="33" count="62" type="stmt"/>
        <line num="34" count="62" type="stmt"/>
      </file>
      <file name="HerbalTeaStrategy.ts" path="/Users/mac/hicham/training/take-home-test/src/drugs/strategies/HerbalTeaStrategy.ts">
        <metrics statements="4" coveredstatements="4" conditionals="0" coveredconditionals="0" methods="1" coveredmethods="1"/>
        <line num="7" count="62" type="stmt"/>
        <line num="8" count="62" type="stmt"/>
        <line num="9" count="62" type="stmt"/>
        <line num="10" count="62" type="stmt"/>
      </file>
      <file name="MagicPillStrategy.ts" path="/Users/mac/hicham/training/take-home-test/src/drugs/strategies/MagicPillStrategy.ts">
        <metrics statements="1" coveredstatements="1" conditionals="0" coveredconditionals="0" methods="1" coveredmethods="1"/>
        <line num="6" count="61" type="stmt"/>
      </file>
    </package>
    <package name="src.helpers">
      <metrics statements="3" coveredstatements="2" conditionals="8" coveredconditionals="7" methods="1" coveredmethods="1"/>
      <file name="forceRange.ts" path="/Users/mac/hicham/training/take-home-test/src/helpers/forceRange.ts">
        <metrics statements="3" coveredstatements="2" conditionals="8" coveredconditionals="7" methods="1" coveredmethods="1"/>
        <line num="2" count="6" type="cond" truecount="1" falsecount="1"/>
        <line num="10" count="0" type="stmt"/>
        <line num="12" count="6" type="stmt"/>
      </file>
    </package>
  </project>
</coverage>
