{"C:\\Users\\plugu\\dev\\LibeoTest\\take-home-test\\pharmacy.js": {"path":"C:\\Users\\plugu\\dev\\LibeoTest\\take-home-test\\pharmacy.js","statementMap":{"0":{"start":{"line":1,"column":15},"end":{"line":1,"column":23}},"1":{"start":{"line":2,"column":19},"end":{"line":2,"column":31}},"2":{"start":{"line":3,"column":19},"end":{"line":3,"column":31}},"3":{"start":{"line":5,"column":20},"end":{"line":5,"column":22}},"4":{"start":{"line":6,"column":20},"end":{"line":6,"column":21}},"5":{"start":{"line":11,"column":4},"end":{"line":11,"column":21}},"6":{"start":{"line":12,"column":4},"end":{"line":12,"column":31}},"7":{"start":{"line":13,"column":4},"end":{"line":13,"column":27}},"8":{"start":{"line":17,"column":4},"end":{"line":17,"column":39}},"9":{"start":{"line":19,"column":4},"end":{"line":21,"column":5}},"10":{"start":{"line":20,"column":6},"end":{"line":20,"column":32}},"11":{"start":{"line":25,"column":4},"end":{"line":25,"column":39}},"12":{"start":{"line":27,"column":4},"end":{"line":29,"column":5}},"13":{"start":{"line":28,"column":6},"end":{"line":28,"column":32}},"14":{"start":{"line":33,"column":4},"end":{"line":33,"column":40}},"15":{"start":{"line":37,"column":4},"end":{"line":37,"column":31}},"16":{"start":{"line":44,"column":17},"end":{"line":44,"column":39}},"17":{"start":{"line":45,"column":4},"end":{"line":45,"column":32}},"18":{"start":{"line":49,"column":4},"end":{"line":49,"column":29}},"19":{"start":{"line":59,"column":4},"end":{"line":69,"column":5}},"20":{"start":{"line":60,"column":6},"end":{"line":60,"column":42}},"21":{"start":{"line":62,"column":17},"end":{"line":62,"column":18}},"22":{"start":{"line":63,"column":6},"end":{"line":67,"column":7}},"23":{"start":{"line":64,"column":8},"end":{"line":64,"column":16}},"24":{"start":{"line":65,"column":13},"end":{"line":67,"column":7}},"25":{"start":{"line":66,"column":8},"end":{"line":66,"column":16}},"26":{"start":{"line":68,"column":6},"end":{"line":68,"column":34}},"27":{"start":{"line":75,"column":17},"end":{"line":75,"column":39}},"28":{"start":{"line":76,"column":4},"end":{"line":76,"column":32}},"29":{"start":{"line":93,"column":4},"end":{"line":98,"column":5}},"30":{"start":{"line":94,"column":19},"end":{"line":94,"column":60}},"31":{"start":{"line":95,"column":23},"end":{"line":95,"column":67}},"32":{"start":{"line":96,"column":23},"end":{"line":96,"column":70}},"33":{"start":{"line":97,"column":15},"end":{"line":97,"column":56}},"34":{"start":{"line":106,"column":4},"end":{"line":106,"column":23}},"35":{"start":{"line":107,"column":4},"end":{"line":107,"column":62}},"36":{"start":{"line":110,"column":4},"end":{"line":114,"column":5}},"37":{"start":{"line":111,"column":23},"end":{"line":111,"column":74}},"38":{"start":{"line":112,"column":6},"end":{"line":112,"column":35}},"39":{"start":{"line":113,"column":6},"end":{"line":113,"column":36}},"40":{"start":{"line":116,"column":4},"end":{"line":116,"column":22}}},"fnMap":{"0":{"name":"(anonymous_0)","decl":{"start":{"line":10,"column":2},"end":{"line":10,"column":3}},"loc":{"start":{"line":10,"column":40},"end":{"line":14,"column":3}},"line":10},"1":{"name":"(anonymous_1)","decl":{"start":{"line":16,"column":2},"end":{"line":16,"column":3}},"loc":{"start":{"line":16,"column":26},"end":{"line":22,"column":3}},"line":16},"2":{"name":"(anonymous_2)","decl":{"start":{"line":24,"column":2},"end":{"line":24,"column":3}},"loc":{"start":{"line":24,"column":26},"end":{"line":30,"column":3}},"line":24},"3":{"name":"(anonymous_3)","decl":{"start":{"line":32,"column":2},"end":{"line":32,"column":3}},"loc":{"start":{"line":32,"column":22},"end":{"line":34,"column":3}},"line":32},"4":{"name":"(anonymous_4)","decl":{"start":{"line":36,"column":2},"end":{"line":36,"column":3}},"loc":{"start":{"line":36,"column":18},"end":{"line":38,"column":3}},"line":36},"5":{"name":"(anonymous_5)","decl":{"start":{"line":42,"column":2},"end":{"line":42,"column":3}},"loc":{"start":{"line":42,"column":22},"end":{"line":46,"column":3}},"line":42},"6":{"name":"(anonymous_6)","decl":{"start":{"line":48,"column":2},"end":{"line":48,"column":3}},"loc":{"start":{"line":48,"column":23},"end":{"line":50,"column":3}},"line":48},"7":{"name":"(anonymous_7)","decl":{"start":{"line":58,"column":2},"end":{"line":58,"column":3}},"loc":{"start":{"line":58,"column":22},"end":{"line":70,"column":3}},"line":58},"8":{"name":"(anonymous_8)","decl":{"start":{"line":74,"column":2},"end":{"line":74,"column":3}},"loc":{"start":{"line":74,"column":22},"end":{"line":77,"column":3}},"line":74},"9":{"name":"(anonymous_9)","decl":{"start":{"line":82,"column":2},"end":{"line":82,"column":3}},"loc":{"start":{"line":82,"column":22},"end":{"line":84,"column":3}},"line":82},"10":{"name":"(anonymous_10)","decl":{"start":{"line":86,"column":2},"end":{"line":86,"column":3}},"loc":{"start":{"line":86,"column":23},"end":{"line":88,"column":3}},"line":86},"11":{"name":"(anonymous_11)","decl":{"start":{"line":92,"column":2},"end":{"line":92,"column":3}},"loc":{"start":{"line":92,"column":33},"end":{"line":100,"column":3}},"line":92},"12":{"name":"(anonymous_12)","decl":{"start":{"line":105,"column":2},"end":{"line":105,"column":3}},"loc":{"start":{"line":105,"column":26},"end":{"line":108,"column":3}},"line":105},"13":{"name":"(anonymous_13)","decl":{"start":{"line":109,"column":2},"end":{"line":109,"column":3}},"loc":{"start":{"line":109,"column":23},"end":{"line":117,"column":3}},"line":109}},"branchMap":{"0":{"loc":{"start":{"line":19,"column":4},"end":{"line":21,"column":5}},"type":"if","locations":[{"start":{"line":19,"column":4},"end":{"line":21,"column":5}},{"start":{"line":19,"column":4},"end":{"line":21,"column":5}}],"line":19},"1":{"loc":{"start":{"line":27,"column":4},"end":{"line":29,"column":5}},"type":"if","locations":[{"start":{"line":27,"column":4},"end":{"line":29,"column":5}},{"start":{"line":27,"column":4},"end":{"line":29,"column":5}}],"line":27},"2":{"loc":{"start":{"line":44,"column":17},"end":{"line":44,"column":39}},"type":"cond-expr","locations":[{"start":{"line":44,"column":34},"end":{"line":44,"column":35}},{"start":{"line":44,"column":38},"end":{"line":44,"column":39}}],"line":44},"3":{"loc":{"start":{"line":59,"column":4},"end":{"line":69,"column":5}},"type":"if","locations":[{"start":{"line":59,"column":4},"end":{"line":69,"column":5}},{"start":{"line":59,"column":4},"end":{"line":69,"column":5}}],"line":59},"4":{"loc":{"start":{"line":63,"column":6},"end":{"line":67,"column":7}},"type":"if","locations":[{"start":{"line":63,"column":6},"end":{"line":67,"column":7}},{"start":{"line":63,"column":6},"end":{"line":67,"column":7}}],"line":63},"5":{"loc":{"start":{"line":65,"column":13},"end":{"line":67,"column":7}},"type":"if","locations":[{"start":{"line":65,"column":13},"end":{"line":67,"column":7}},{"start":{"line":65,"column":13},"end":{"line":67,"column":7}}],"line":65},"6":{"loc":{"start":{"line":75,"column":17},"end":{"line":75,"column":39}},"type":"cond-expr","locations":[{"start":{"line":75,"column":34},"end":{"line":75,"column":35}},{"start":{"line":75,"column":38},"end":{"line":75,"column":39}}],"line":75},"7":{"loc":{"start":{"line":93,"column":4},"end":{"line":98,"column":5}},"type":"switch","locations":[{"start":{"line":94,"column":6},"end":{"line":94,"column":60}},{"start":{"line":95,"column":6},"end":{"line":95,"column":67}},{"start":{"line":96,"column":6},"end":{"line":96,"column":70}},{"start":{"line":97,"column":6},"end":{"line":97,"column":56}}],"line":93},"8":{"loc":{"start":{"line":105,"column":14},"end":{"line":105,"column":24}},"type":"default-arg","locations":[{"start":{"line":105,"column":22},"end":{"line":105,"column":24}}],"line":105}},"s":{"0":1,"1":1,"2":1,"3":1,"4":1,"5":30,"6":30,"7":30,"8":7,"9":7,"10":1,"11":5,"12":5,"13":1,"14":12,"15":12,"16":4,"17":4,"18":12,"19":5,"20":1,"21":4,"22":4,"23":2,"24":2,"25":1,"26":4,"27":3,"28":3,"29":15,"30":5,"31":3,"32":3,"33":4,"34":11,"35":11,"36":11,"37":15,"38":15,"39":15,"40":11},"f":{"0":30,"1":7,"2":5,"3":12,"4":12,"5":4,"6":12,"7":5,"8":3,"9":3,"10":3,"11":15,"12":11,"13":11},"b":{"0":[1,6],"1":[1,4],"2":[3,1],"3":[1,4],"4":[2,2],"5":[1,1],"6":[1,2],"7":[5,3,3,4],"8":[1]},"_coverageSchema":"43e27e138ebf9cfc5966b082cf9a028302ed4184","hash":"4567c702c0cf4b62971c2b8bfd55a0d992955d45"}
}
