{"C:\\Users\\plugu\\dev\\LibeoTest\\take-home-test\\pharmacy.js": {"path":"C:\\Users\\plugu\\dev\\LibeoTest\\take-home-test\\pharmacy.js","statementMap":{"0":{"start":{"line":3,"column":4},"end":{"line":3,"column":21}},"1":{"start":{"line":4,"column":4},"end":{"line":4,"column":31}},"2":{"start":{"line":5,"column":4},"end":{"line":5,"column":27}},"3":{"start":{"line":11,"column":4},"end":{"line":11,"column":23}},"4":{"start":{"line":14,"column":4},"end":{"line":66,"column":5}},"5":{"start":{"line":14,"column":17},"end":{"line":14,"column":18}},"6":{"start":{"line":15,"column":6},"end":{"line":44,"column":7}},"7":{"start":{"line":19,"column":8},"end":{"line":23,"column":9}},"8":{"start":{"line":20,"column":10},"end":{"line":22,"column":11}},"9":{"start":{"line":21,"column":12},"end":{"line":21,"column":62}},"10":{"start":{"line":25,"column":8},"end":{"line":43,"column":9}},"11":{"start":{"line":26,"column":10},"end":{"line":26,"column":60}},"12":{"start":{"line":27,"column":10},"end":{"line":42,"column":11}},"13":{"start":{"line":28,"column":12},"end":{"line":36,"column":13}},"14":{"start":{"line":29,"column":14},"end":{"line":33,"column":15}},"15":{"start":{"line":30,"column":16},"end":{"line":30,"column":66}},"16":{"start":{"line":37,"column":12},"end":{"line":41,"column":13}},"17":{"start":{"line":38,"column":14},"end":{"line":40,"column":15}},"18":{"start":{"line":39,"column":16},"end":{"line":39,"column":66}},"19":{"start":{"line":45,"column":6},"end":{"line":47,"column":7}},"20":{"start":{"line":46,"column":8},"end":{"line":46,"column":62}},"21":{"start":{"line":48,"column":6},"end":{"line":65,"column":7}},"22":{"start":{"line":49,"column":8},"end":{"line":64,"column":9}},"23":{"start":{"line":50,"column":10},"end":{"line":59,"column":11}},"24":{"start":{"line":51,"column":12},"end":{"line":55,"column":13}},"25":{"start":{"line":52,"column":14},"end":{"line":54,"column":15}},"26":{"start":{"line":53,"column":16},"end":{"line":53,"column":66}},"27":{"start":{"line":57,"column":12},"end":{"line":58,"column":60}},"28":{"start":{"line":61,"column":10},"end":{"line":63,"column":11}},"29":{"start":{"line":62,"column":12},"end":{"line":62,"column":62}},"30":{"start":{"line":68,"column":4},"end":{"line":68,"column":22}}},"fnMap":{"0":{"name":"(anonymous_0)","decl":{"start":{"line":2,"column":2},"end":{"line":2,"column":3}},"loc":{"start":{"line":2,"column":40},"end":{"line":6,"column":3}},"line":2},"1":{"name":"(anonymous_1)","decl":{"start":{"line":10,"column":2},"end":{"line":10,"column":3}},"loc":{"start":{"line":10,"column":26},"end":{"line":12,"column":3}},"line":10},"2":{"name":"(anonymous_2)","decl":{"start":{"line":13,"column":2},"end":{"line":13,"column":3}},"loc":{"start":{"line":13,"column":23},"end":{"line":69,"column":3}},"line":13}},"branchMap":{"0":{"loc":{"start":{"line":10,"column":14},"end":{"line":10,"column":24}},"type":"default-arg","locations":[{"start":{"line":10,"column":22},"end":{"line":10,"column":24}}],"line":10},"1":{"loc":{"start":{"line":15,"column":6},"end":{"line":44,"column":7}},"type":"if","locations":[{"start":{"line":15,"column":6},"end":{"line":44,"column":7}},{"start":{"line":15,"column":6},"end":{"line":44,"column":7}}],"line":15},"2":{"loc":{"start":{"line":16,"column":8},"end":{"line":17,"column":38}},"type":"binary-expr","locations":[{"start":{"line":16,"column":8},"end":{"line":16,"column":42}},{"start":{"line":17,"column":8},"end":{"line":17,"column":38}}],"line":16},"3":{"loc":{"start":{"line":19,"column":8},"end":{"line":23,"column":9}},"type":"if","locations":[{"start":{"line":19,"column":8},"end":{"line":23,"column":9}},{"start":{"line":19,"column":8},"end":{"line":23,"column":9}}],"line":19},"4":{"loc":{"start":{"line":20,"column":10},"end":{"line":22,"column":11}},"type":"if","locations":[{"start":{"line":20,"column":10},"end":{"line":22,"column":11}},{"start":{"line":20,"column":10},"end":{"line":22,"column":11}}],"line":20},"5":{"loc":{"start":{"line":25,"column":8},"end":{"line":43,"column":9}},"type":"if","locations":[{"start":{"line":25,"column":8},"end":{"line":43,"column":9}},{"start":{"line":25,"column":8},"end":{"line":43,"column":9}}],"line":25},"6":{"loc":{"start":{"line":27,"column":10},"end":{"line":42,"column":11}},"type":"if","locations":[{"start":{"line":27,"column":10},"end":{"line":42,"column":11}},{"start":{"line":27,"column":10},"end":{"line":42,"column":11}}],"line":27},"7":{"loc":{"start":{"line":28,"column":12},"end":{"line":36,"column":13}},"type":"if","locations":[{"start":{"line":28,"column":12},"end":{"line":36,"column":13}},{"start":{"line":28,"column":12},"end":{"line":36,"column":13}}],"line":28},"8":{"loc":{"start":{"line":29,"column":14},"end":{"line":33,"column":15}},"type":"if","locations":[{"start":{"line":29,"column":14},"end":{"line":33,"column":15}},{"start":{"line":29,"column":14},"end":{"line":33,"column":15}}],"line":29},"9":{"loc":{"start":{"line":37,"column":12},"end":{"line":41,"column":13}},"type":"if","locations":[{"start":{"line":37,"column":12},"end":{"line":41,"column":13}},{"start":{"line":37,"column":12},"end":{"line":41,"column":13}}],"line":37},"10":{"loc":{"start":{"line":38,"column":14},"end":{"line":40,"column":15}},"type":"if","locations":[{"start":{"line":38,"column":14},"end":{"line":40,"column":15}},{"start":{"line":38,"column":14},"end":{"line":40,"column":15}}],"line":38},"11":{"loc":{"start":{"line":45,"column":6},"end":{"line":47,"column":7}},"type":"if","locations":[{"start":{"line":45,"column":6},"end":{"line":47,"column":7}},{"start":{"line":45,"column":6},"end":{"line":47,"column":7}}],"line":45},"12":{"loc":{"start":{"line":48,"column":6},"end":{"line":65,"column":7}},"type":"if","locations":[{"start":{"line":48,"column":6},"end":{"line":65,"column":7}},{"start":{"line":48,"column":6},"end":{"line":65,"column":7}}],"line":48},"13":{"loc":{"start":{"line":49,"column":8},"end":{"line":64,"column":9}},"type":"if","locations":[{"start":{"line":49,"column":8},"end":{"line":64,"column":9}},{"start":{"line":49,"column":8},"end":{"line":64,"column":9}}],"line":49},"14":{"loc":{"start":{"line":50,"column":10},"end":{"line":59,"column":11}},"type":"if","locations":[{"start":{"line":50,"column":10},"end":{"line":59,"column":11}},{"start":{"line":50,"column":10},"end":{"line":59,"column":11}}],"line":50},"15":{"loc":{"start":{"line":51,"column":12},"end":{"line":55,"column":13}},"type":"if","locations":[{"start":{"line":51,"column":12},"end":{"line":55,"column":13}},{"start":{"line":51,"column":12},"end":{"line":55,"column":13}}],"line":51},"16":{"loc":{"start":{"line":52,"column":14},"end":{"line":54,"column":15}},"type":"if","locations":[{"start":{"line":52,"column":14},"end":{"line":54,"column":15}},{"start":{"line":52,"column":14},"end":{"line":54,"column":15}}],"line":52},"17":{"loc":{"start":{"line":61,"column":10},"end":{"line":63,"column":11}},"type":"if","locations":[{"start":{"line":61,"column":10},"end":{"line":63,"column":11}},{"start":{"line":61,"column":10},"end":{"line":63,"column":11}}],"line":61}},"s":{"0":32,"1":32,"2":32,"3":11,"4":11,"5":11,"6":16,"7":7,"8":5,"9":3,"10":9,"11":7,"12":7,"13":5,"14":4,"15":4,"16":5,"17":3,"18":3,"19":16,"20":13,"21":16,"22":5,"23":4,"24":3,"25":2,"26":2,"27":1,"28":1,"29":1,"30":11},"f":{"0":32,"1":11,"2":11},"b":{"0":[1],"1":[7,9],"2":[16,13],"3":[5,2],"4":[3,2],"5":[7,2],"6":[5,2],"7":[4,1],"8":[4,0],"9":[3,2],"10":[3,0],"11":[13,3],"12":[5,11],"13":[4,1],"14":[3,1],"15":[2,1],"16":[2,0],"17":[1,0]},"_coverageSchema":"43e27e138ebf9cfc5966b082cf9a028302ed4184","hash":"b350364d9b59c9edc287ac50bf97833a9761fb0e"}
}
