TN:
SF:/Users/mac/hicham/training/take-home-test/src/index.ts
FN:12,simulateDays
FNF:1
FNH:1
FNDA:2,simulateDays
DA:7,1
DA:8,1
DA:9,1
DA:10,1
DA:13,2
DA:15,2
DA:16,60
DA:17,60
DA:18,60
DA:19,60
DA:21,60
DA:36,2
DA:39,1
DA:41,1
LF:14
LH:14
BRF:0
BRH:0
end_of_record
TN:
SF:/Users/mac/hicham/training/take-home-test/src/constants/index.ts
FNF:0
FNH:0
DA:1,8
DA:2,8
DA:3,8
DA:4,8
DA:5,8
DA:6,8
DA:7,8
DA:8,8
DA:9,8
DA:10,8
DA:11,8
DA:12,8
LF:12
LH:12
BRF:0
BRH:0
end_of_record
TN:
SF:/Users/mac/hicham/training/take-home-test/src/drugs/Dafalgan.ts
FN:8,(anonymous_0)
FN:13,(anonymous_1)
FNF:2
FNH:2
FNDA:4,(anonymous_0)
FNDA:62,(anonymous_1)
DA:9,4
DA:10,4
DA:14,62
LF:3
LH:3
BRF:0
BRH:0
end_of_record
TN:
SF:/Users/mac/hicham/training/take-home-test/src/drugs/Drug.ts
FN:7,(anonymous_0)
FN:12,(anonymous_1)
FN:20,(anonymous_2)
FN:24,(anonymous_3)
FN:30,(anonymous_4)
FN:37,(anonymous_5)
FN:44,(anonymous_6)
FNF:7
FNH:7
FNDA:27,(anonymous_0)
FNDA:3,(anonymous_1)
FNDA:66,(anonymous_2)
FNDA:4,(anonymous_3)
FNDA:63,(anonymous_4)
FNDA:195,(anonymous_5)
FNDA:63,(anonymous_6)
DA:8,27
DA:9,27
DA:14,3
DA:17,3
DA:21,66
DA:25,4
DA:26,0
DA:31,63
DA:38,195
DA:45,63
LF:10
LH:9
BRDA:14,0,0,0
BRDA:14,0,1,3
BRDA:25,1,0,0
BRDA:25,1,1,4
BRDA:32,2,0,50
BRDA:32,2,1,13
BRF:6
BRH:4
end_of_record
TN:
SF:/Users/mac/hicham/training/take-home-test/src/drugs/Fervex.ts
FN:8,(anonymous_0)
FN:13,(anonymous_1)
FNF:2
FNH:2
FNDA:1,(anonymous_0)
FNDA:60,(anonymous_1)
DA:9,1
DA:10,1
DA:14,60
LF:3
LH:3
BRF:0
BRH:0
end_of_record
TN:
SF:/Users/mac/hicham/training/take-home-test/src/drugs/HerbalTea.ts
FN:8,(anonymous_0)
FN:13,(anonymous_1)
FNF:2
FNH:2
FNDA:1,(anonymous_0)
FNDA:60,(anonymous_1)
DA:9,1
DA:10,1
DA:14,60
LF:3
LH:3
BRF:0
BRH:0
end_of_record
TN:
SF:/Users/mac/hicham/training/take-home-test/src/drugs/MagicPill.ts
FN:8,(anonymous_0)
FN:13,(anonymous_1)
FNF:2
FNH:2
FNDA:3,(anonymous_0)
FNDA:61,(anonymous_1)
DA:9,3
DA:10,3
DA:14,61
LF:3
LH:3
BRF:0
BRH:0
end_of_record
TN:
SF:/Users/mac/hicham/training/take-home-test/src/drugs/strategies/DafalganStrategy.ts
FN:6,(anonymous_0)
FNF:1
FNH:1
FNDA:65,(anonymous_0)
DA:7,65
DA:8,65
DA:9,65
DA:10,65
LF:4
LH:4
BRF:0
BRH:0
end_of_record
TN:
SF:/Users/mac/hicham/training/take-home-test/src/drugs/strategies/DefaultStrategy.ts
FN:5,(anonymous_0)
FNF:1
FNH:1
FNDA:3,(anonymous_0)
DA:6,3
DA:7,3
DA:8,3
DA:9,3
DA:10,3
LF:5
LH:5
BRF:0
BRH:0
end_of_record
TN:
SF:/Users/mac/hicham/training/take-home-test/src/drugs/strategies/FervexStrategy.ts
FN:8,(anonymous_0)
FNF:1
FNH:1
FNDA:62,(anonymous_0)
DA:9,62
DA:11,62
DA:12,56
DA:13,6
DA:14,6
DA:19,0
DA:20,0
DA:26,0
DA:33,62
DA:34,62
LF:10
LH:7
BRDA:11,0,0,56
BRDA:11,0,1,6
BRDA:13,1,0,6
BRDA:13,1,1,0
BRDA:19,2,0,0
BRDA:19,2,1,0
BRF:6
BRH:3
end_of_record
TN:
SF:/Users/mac/hicham/training/take-home-test/src/drugs/strategies/HerbalTeaStrategy.ts
FN:6,(anonymous_0)
FNF:1
FNH:1
FNDA:62,(anonymous_0)
DA:7,62
DA:8,62
DA:9,62
DA:10,62
LF:4
LH:4
BRF:0
BRH:0
end_of_record
TN:
SF:/Users/mac/hicham/training/take-home-test/src/drugs/strategies/MagicPillStrategy.ts
FN:5,(anonymous_0)
FNF:1
FNH:1
FNDA:61,(anonymous_0)
DA:6,61
LF:1
LH:1
BRF:0
BRH:0
end_of_record
TN:
SF:/Users/mac/hicham/training/take-home-test/src/helpers/forceRange.ts
FN:1,forceRange
FNF:1
FNH:1
FNDA:6,forceRange
DA:2,6
DA:10,0
DA:12,6
LF:3
LH:2
BRDA:2,0,0,0
BRDA:2,0,1,6
BRDA:3,1,0,6
BRDA:3,1,1,6
BRDA:3,1,2,6
BRDA:3,1,3,6
BRDA:3,1,4,6
BRDA:3,1,5,6
BRF:8
BRH:7
end_of_record
