TN:
SF:C:\Users\plugu\dev\LibeoTest\take-home-test\pharmacy.js
FN:10,(anonymous_0)
FN:16,(anonymous_1)
FN:24,(anonymous_2)
FN:32,(anonymous_3)
FN:36,(anonymous_4)
FN:42,(anonymous_5)
FN:48,(anonymous_6)
FN:58,(anonymous_7)
FN:74,(anonymous_8)
FN:82,(anonymous_9)
FN:86,(anonymous_10)
FN:92,(anonymous_11)
FN:105,(anonymous_12)
FN:109,(anonymous_13)
FNF:14
FNH:14
FNDA:30,(anonymous_0)
FNDA:7,(anonymous_1)
FNDA:5,(anonymous_2)
FNDA:12,(anonymous_3)
FNDA:12,(anonymous_4)
FNDA:4,(anonymous_5)
FNDA:12,(anonymous_6)
FNDA:5,(anonymous_7)
FNDA:3,(anonymous_8)
FNDA:3,(anonymous_9)
FNDA:3,(anonymous_10)
FNDA:15,(anonymous_11)
FNDA:11,(anonymous_12)
FNDA:11,(anonymous_13)
DA:1,1
DA:2,1
DA:3,1
DA:5,1
DA:6,1
DA:11,30
DA:12,30
DA:13,30
DA:17,7
DA:19,7
DA:20,1
DA:25,5
DA:27,5
DA:28,1
DA:33,12
DA:37,12
DA:44,4
DA:45,4
DA:49,12
DA:59,5
DA:60,1
DA:62,4
DA:63,4
DA:64,2
DA:65,2
DA:66,1
DA:68,4
DA:75,3
DA:76,3
DA:93,15
DA:94,5
DA:95,3
DA:96,3
DA:97,4
DA:106,11
DA:107,11
DA:110,11
DA:111,15
DA:112,15
DA:113,15
DA:116,11
LF:41
LH:41
BRDA:19,0,0,1
BRDA:19,0,1,6
BRDA:27,1,0,1
BRDA:27,1,1,4
BRDA:44,2,0,3
BRDA:44,2,1,1
BRDA:59,3,0,1
BRDA:59,3,1,4
BRDA:63,4,0,2
BRDA:63,4,1,2
BRDA:65,5,0,1
BRDA:65,5,1,1
BRDA:75,6,0,1
BRDA:75,6,1,2
BRDA:93,7,0,5
BRDA:93,7,1,3
BRDA:93,7,2,3
BRDA:93,7,3,4
BRDA:105,8,0,1
BRF:19
BRH:19
end_of_record
